<?xml version="1.0" encoding="UTF-8"?>
<!-- Generated by org.testng.reporters.JUnitReportReporter -->
<testsuite hostname="Mypc" name="grid.GridEg2" tests="2" failures="0" timestamp="9 Jan 2017 09:21:39 GMT" time="53.921" errors="0">
  <testcase name="t" time="34.510" classname="grid.GridEg2"/>
  <testcase name="t" time="19.411" classname="grid.GridEg2"/>
</testsuite> <!-- grid.GridEg2 -->
