<?xml version="1.0" encoding="UTF-8"?>
<!-- Generated by org.testng.reporters.JUnitReportReporter -->
<testsuite hostname="Mypc" name="testNG.EmpregTest" tests="2" failures="0" timestamp="5 Jan 2017 09:50:28 GMT" time="11.942" errors="0">
  <testcase name="org_Empreg" time="6.207" classname="testNG.EmpregTest"/>
  <testcase name="org_Empreg" time="5.735" classname="testNG.EmpregTest"/>
</testsuite> <!-- testNG.EmpregTest -->
