<?xml version="1.0" encoding="UTF-8"?>
<!-- Generated by org.testng.reporters.JUnitReportReporter -->
<testsuite hostname="Mypc" name="driverScripts.Keyword" tests="1" failures="0" timestamp="6 Jan 2017 09:29:00 GMT" time="85.292" errors="0">
  <testcase name="driver" time="85.292" classname="driverScripts.Keyword"/>
</testsuite> <!-- driverScripts.Keyword -->
