<?xml version="1.0" encoding="UTF-8"?>
<!-- Generated by org.testng.reporters.JUnitReportReporter -->
<testsuite hostname="Mypc" name="testNG.PrimusBankLogin" tests="1" failures="0" timestamp="5 Jan 2017 09:15:54 GMT" time="5.535" errors="0">
  <testcase name="login" time="5.535" classname="testNG.PrimusBankLogin"/>
</testsuite> <!-- testNG.PrimusBankLogin -->
