<?xml version="1.0" encoding="UTF-8"?>
<!-- Generated by org.testng.reporters.JUnitReportReporter -->
<testsuite hostname="Mypc" name="grid.GridEg1" tests="1" failures="0" timestamp="9 Jan 2017 09:09:48 GMT" time="8.544" errors="0">
  <testcase name="test" time="8.544" classname="grid.GridEg1"/>
</testsuite> <!-- grid.GridEg1 -->
