<?xml version="1.0" encoding="UTF-8"?>
<!-- Generated by org.testng.reporters.JUnitReportReporter -->
<testsuite hostname="Mypc" name="testNG.BasicAnnotaionsEg" tests="3" failures="0" timestamp="5 Jan 2017 09:04:54 GMT" time="0.039" errors="0">
  <testcase name="function1" time="0.014" classname="testNG.BasicAnnotaionsEg"/>
  <testcase name="function2" time="0.009" classname="testNG.BasicAnnotaionsEg"/>
  <testcase name="a" time="0.016" classname="testNG.BasicAnnotaionsEg"/>
</testsuite> <!-- testNG.BasicAnnotaionsEg -->
