<?xml version="1.0" encoding="UTF-8"?>
<!-- Generated by org.testng.reporters.JUnitReportReporter -->
<testsuite hostname="Mypc" name="driverScripts.Hybrid" tests="1" failures="0" timestamp="6 Jan 2017 09:38:58 GMT" time="67.674" errors="0">
  <testcase name="driver" time="67.674" classname="driverScripts.Hybrid"/>
</testsuite> <!-- driverScripts.Hybrid -->
