<?xml version="1.0" encoding="UTF-8"?>
<!-- Generated by org.testng.reporters.JUnitReportReporter -->
<testsuite hostname="Mypc" name="testNG.UserRegTest" tests="1" failures="0" timestamp="5 Jan 2017 09:43:45 GMT" time="9.594" errors="0">
  <testcase name="org_Usereg" time="9.594" classname="testNG.UserRegTest"/>
</testsuite> <!-- testNG.UserRegTest -->
