<?xml version="1.0" encoding="UTF-8"?>
<!-- Generated by org.testng.reporters.JUnitReportReporter -->
<testsuite hostname="Mypc" name="pom.LoginTest" tests="1" failures="0" timestamp="5 Jan 2017 10:20:15 GMT" time="12.417" errors="0">
  <testcase name="s" time="12.417" classname="pom.LoginTest"/>
</testsuite> <!-- pom.LoginTest -->
